{"/Users/tristanokeefe/BP folder/bp-pulse-coding-exercise/BPWidget/components/ChargePointRow/ChargePointRow.style.tsx": {"path":"/Users/tristanokeefe/BP folder/bp-pulse-coding-exercise/BPWidget/components/ChargePointRow/ChargePointRow.style.tsx","statementMap":{"0":{"start":{"line":3,"column":22},"end":{"line":62,"column":2}}},"fnMap":{},"branchMap":{},"s":{"0":3},"f":{},"b":{},"_coverageSchema":"1a1c01bbd47fc00a2c39e90264f33305004495a9","hash":"6437ec38377c6a47da34daaa4f1ffdd98a0ad30d"}
,"/Users/tristanokeefe/BP folder/bp-pulse-coding-exercise/BPWidget/components/ChargePointRow/ChargePointRow.tsx": {"path":"/Users/tristanokeefe/BP folder/bp-pulse-coding-exercise/BPWidget/components/ChargePointRow/ChargePointRow.tsx","statementMap":{"0":{"start":{"line":8,"column":23},"end":{"line":37,"column":1}},"1":{"start":{"line":9,"column":2},"end":{"line":36,"column":4}}},"fnMap":{"0":{"name":"(anonymous_0)","decl":{"start":{"line":8,"column":23},"end":{"line":8,"column":24}},"loc":{"start":{"line":8,"column":37},"end":{"line":37,"column":1}},"line":8}},"branchMap":{"0":{"loc":{"start":{"line":26,"column":7},"end":{"line":30,"column":7}},"type":"cond-expr","locations":[{"start":{"line":27,"column":8},"end":{"line":27,"column":61}},{"start":{"line":29,"column":8},"end":{"line":29,"column":21}}],"line":26}},"s":{"0":3,"1":1},"f":{"0":1},"b":{"0":[0,1]},"_coverageSchema":"1a1c01bbd47fc00a2c39e90264f33305004495a9","hash":"52583dc11d05c464b4d7003c406fe4f6296ed37c"}
,"/Users/tristanokeefe/BP folder/bp-pulse-coding-exercise/BPWidget/components/ChargePointWidget/ChargePointWidget.style.tsx": {"path":"/Users/tristanokeefe/BP folder/bp-pulse-coding-exercise/BPWidget/components/ChargePointWidget/ChargePointWidget.style.tsx","statementMap":{"0":{"start":{"line":3,"column":22},"end":{"line":24,"column":2}}},"fnMap":{},"branchMap":{},"s":{"0":2},"f":{},"b":{},"_coverageSchema":"1a1c01bbd47fc00a2c39e90264f33305004495a9","hash":"3617f04257679e4b671c739b387f40de5f0c8061"}
,"/Users/tristanokeefe/BP folder/bp-pulse-coding-exercise/BPWidget/components/ChargePointWidget/ChargePointWidget.tsx": {"path":"/Users/tristanokeefe/BP folder/bp-pulse-coding-exercise/BPWidget/components/ChargePointWidget/ChargePointWidget.tsx","statementMap":{"0":{"start":{"line":8,"column":26},"end":{"line":54,"column":1}},"1":{"start":{"line":9,"column":30},"end":{"line":9,"column":45}},"2":{"start":{"line":10,"column":28},"end":{"line":10,"column":42}},"3":{"start":{"line":14,"column":24},"end":{"line":17,"column":3}},"4":{"start":{"line":15,"column":4},"end":{"line":15,"column":23}},"5":{"start":{"line":16,"column":4},"end":{"line":16,"column":21}},"6":{"start":{"line":19,"column":2},"end":{"line":47,"column":3}},"7":{"start":{"line":20,"column":4},"end":{"line":46,"column":6}},"8":{"start":{"line":25,"column":36},"end":{"line":25,"column":66}},"9":{"start":{"line":40,"column":12},"end":{"line":40,"column":28}},"10":{"start":{"line":49,"column":2},"end":{"line":53,"column":4}}},"fnMap":{"0":{"name":"(anonymous_0)","decl":{"start":{"line":8,"column":26},"end":{"line":8,"column":27}},"loc":{"start":{"line":8,"column":36},"end":{"line":54,"column":1}},"line":8},"1":{"name":"(anonymous_1)","decl":{"start":{"line":14,"column":24},"end":{"line":14,"column":25}},"loc":{"start":{"line":14,"column":30},"end":{"line":17,"column":3}},"line":14},"2":{"name":"(anonymous_2)","decl":{"start":{"line":25,"column":22},"end":{"line":25,"column":23}},"loc":{"start":{"line":25,"column":36},"end":{"line":25,"column":66}},"line":25},"3":{"name":"(anonymous_3)","decl":{"start":{"line":39,"column":19},"end":{"line":39,"column":20}},"loc":{"start":{"line":39,"column":25},"end":{"line":41,"column":11}},"line":39}},"branchMap":{"0":{"loc":{"start":{"line":19,"column":2},"end":{"line":47,"column":3}},"type":"if","locations":[{"start":{"line":19,"column":2},"end":{"line":47,"column":3}},{"start":{},"end":{}}],"line":19},"1":{"loc":{"start":{"line":24,"column":40},"end":{"line":24,"column":54}},"type":"cond-expr","locations":[{"start":{"line":24,"column":48},"end":{"line":24,"column":49}},{"start":{"line":24,"column":52},"end":{"line":24,"column":54}}],"line":24},"2":{"loc":{"start":{"line":43,"column":11},"end":{"line":43,"column":44}},"type":"cond-expr","locations":[{"start":{"line":43,"column":20},"end":{"line":43,"column":31}},{"start":{"line":43,"column":34},"end":{"line":43,"column":44}}],"line":43}},"s":{"0":2,"1":2,"2":1,"3":1,"4":0,"5":0,"6":1,"7":1,"8":0,"9":0,"10":0},"f":{"0":2,"1":0,"2":0,"3":0},"b":{"0":[1,0],"1":[1,0],"2":[0,1]},"_coverageSchema":"1a1c01bbd47fc00a2c39e90264f33305004495a9","hash":"481e21a71d22bed774b5dc7ea76112f8d08f81b5"}
,"/Users/tristanokeefe/BP folder/bp-pulse-coding-exercise/BPWidget/dataModel/queries.ts": {"path":"/Users/tristanokeefe/BP folder/bp-pulse-coding-exercise/BPWidget/dataModel/queries.ts","statementMap":{"0":{"start":{"line":3,"column":37},"end":{"line":14,"column":1}}},"fnMap":{},"branchMap":{},"s":{"0":1},"f":{},"b":{},"_coverageSchema":"1a1c01bbd47fc00a2c39e90264f33305004495a9","hash":"b5ac07a925f883099c49393e8b3f66594d9480eb"}
,"/Users/tristanokeefe/BP folder/bp-pulse-coding-exercise/BPWidget/helpers/widgetHelper.tsx": {"path":"/Users/tristanokeefe/BP folder/bp-pulse-coding-exercise/BPWidget/helpers/widgetHelper.tsx","statementMap":{"0":{"start":{"line":1,"column":24},"end":{"line":9,"column":1}},"1":{"start":{"line":2,"column":24},"end":{"line":2,"column":33}},"2":{"start":{"line":3,"column":2},"end":{"line":5,"column":4}},"3":{"start":{"line":4,"column":4},"end":{"line":4,"column":34}},"4":{"start":{"line":6,"column":2},"end":{"line":8,"column":4}},"5":{"start":{"line":7,"column":4},"end":{"line":7,"column":52}},"6":{"start":{"line":11,"column":28},"end":{"line":17,"column":1}},"7":{"start":{"line":12,"column":2},"end":{"line":16,"column":3}},"8":{"start":{"line":13,"column":4},"end":{"line":13,"column":34}},"9":{"start":{"line":15,"column":4},"end":{"line":15,"column":26}},"10":{"start":{"line":19,"column":36},"end":{"line":21,"column":1}},"11":{"start":{"line":20,"column":2},"end":{"line":20,"column":33}}},"fnMap":{"0":{"name":"(anonymous_0)","decl":{"start":{"line":1,"column":24},"end":{"line":1,"column":25}},"loc":{"start":{"line":1,"column":38},"end":{"line":9,"column":1}},"line":1},"1":{"name":"(anonymous_1)","decl":{"start":{"line":3,"column":40},"end":{"line":3,"column":41}},"loc":{"start":{"line":4,"column":4},"end":{"line":4,"column":34}},"line":4},"2":{"name":"(anonymous_2)","decl":{"start":{"line":6,"column":28},"end":{"line":6,"column":29}},"loc":{"start":{"line":7,"column":4},"end":{"line":7,"column":52}},"line":7},"3":{"name":"(anonymous_3)","decl":{"start":{"line":11,"column":28},"end":{"line":11,"column":29}},"loc":{"start":{"line":11,"column":42},"end":{"line":17,"column":1}},"line":11},"4":{"name":"(anonymous_4)","decl":{"start":{"line":19,"column":36},"end":{"line":19,"column":37}},"loc":{"start":{"line":19,"column":58},"end":{"line":21,"column":1}},"line":19}},"branchMap":{"0":{"loc":{"start":{"line":7,"column":4},"end":{"line":7,"column":52}},"type":"cond-expr","locations":[{"start":{"line":7,"column":46},"end":{"line":7,"column":48}},{"start":{"line":7,"column":51},"end":{"line":7,"column":52}}],"line":7},"1":{"loc":{"start":{"line":12,"column":2},"end":{"line":16,"column":3}},"type":"if","locations":[{"start":{"line":12,"column":2},"end":{"line":16,"column":3}},{"start":{"line":14,"column":9},"end":{"line":16,"column":3}}],"line":12}},"s":{"0":4,"1":3,"2":3,"3":10,"4":3,"5":14,"6":4,"7":3,"8":1,"9":2,"10":4,"11":2},"f":{"0":3,"1":10,"2":14,"3":3,"4":2},"b":{"0":[8,6],"1":[1,2]},"_coverageSchema":"1a1c01bbd47fc00a2c39e90264f33305004495a9","hash":"5d7c54f477e3013544cda8f2cfcf6b78863b7b0d"}
,"/Users/tristanokeefe/BP folder/bp-pulse-coding-exercise/BPWidget/screens/MainScreen/MainScreen.style.tsx": {"path":"/Users/tristanokeefe/BP folder/bp-pulse-coding-exercise/BPWidget/screens/MainScreen/MainScreen.style.tsx","statementMap":{"0":{"start":{"line":3,"column":22},"end":{"line":37,"column":2}}},"fnMap":{},"branchMap":{},"s":{"0":1},"f":{},"b":{},"_coverageSchema":"1a1c01bbd47fc00a2c39e90264f33305004495a9","hash":"c1818c34072be73cc7082f6b343c63791d98f075"}
,"/Users/tristanokeefe/BP folder/bp-pulse-coding-exercise/BPWidget/screens/MainScreen/MainScreen.tsx": {"path":"/Users/tristanokeefe/BP folder/bp-pulse-coding-exercise/BPWidget/screens/MainScreen/MainScreen.tsx","statementMap":{"0":{"start":{"line":9,"column":19},"end":{"line":29,"column":1}},"1":{"start":{"line":10,"column":28},"end":{"line":10,"column":59}},"2":{"start":{"line":11,"column":2},"end":{"line":28,"column":3}},"3":{"start":{"line":12,"column":4},"end":{"line":27,"column":6}}},"fnMap":{"0":{"name":"(anonymous_0)","decl":{"start":{"line":9,"column":19},"end":{"line":9,"column":20}},"loc":{"start":{"line":9,"column":25},"end":{"line":29,"column":1}},"line":9}},"branchMap":{"0":{"loc":{"start":{"line":11,"column":2},"end":{"line":28,"column":3}},"type":"if","locations":[{"start":{"line":11,"column":2},"end":{"line":28,"column":3}},{"start":{},"end":{}}],"line":11}},"s":{"0":1,"1":0,"2":0,"3":0},"f":{"0":0},"b":{"0":[0,0]},"_coverageSchema":"1a1c01bbd47fc00a2c39e90264f33305004495a9","hash":"b03aef410ff55b1c12de7376d138b4254ec7310f"}
}
