{"/Users/tristanokeefe/BP folder/bp-pulse-coding-exercise/ChargingWidget/components/ChargePointRow/ChargePointRow.style.tsx": {"path":"/Users/tristanokeefe/BP folder/bp-pulse-coding-exercise/ChargingWidget/components/ChargePointRow/ChargePointRow.style.tsx","statementMap":{"0":{"start":{"line":3,"column":22},"end":{"line":62,"column":2}}},"fnMap":{},"branchMap":{},"s":{"0":3},"f":{},"b":{},"_coverageSchema":"1a1c01bbd47fc00a2c39e90264f33305004495a9","hash":"5763406430188e534b60fb0481d754b497ef1d82"}
,"/Users/tristanokeefe/BP folder/bp-pulse-coding-exercise/ChargingWidget/components/ChargePointRow/ChargePointRow.tsx": {"path":"/Users/tristanokeefe/BP folder/bp-pulse-coding-exercise/ChargingWidget/components/ChargePointRow/ChargePointRow.tsx","statementMap":{"0":{"start":{"line":9,"column":23},"end":{"line":38,"column":1}},"1":{"start":{"line":10,"column":2},"end":{"line":37,"column":4}}},"fnMap":{"0":{"name":"(anonymous_0)","decl":{"start":{"line":9,"column":23},"end":{"line":9,"column":24}},"loc":{"start":{"line":9,"column":37},"end":{"line":38,"column":1}},"line":9}},"branchMap":{"0":{"loc":{"start":{"line":27,"column":7},"end":{"line":31,"column":7}},"type":"cond-expr","locations":[{"start":{"line":28,"column":8},"end":{"line":28,"column":61}},{"start":{"line":30,"column":8},"end":{"line":30,"column":21}}],"line":27}},"s":{"0":3,"1":1},"f":{"0":1},"b":{"0":[0,1]},"_coverageSchema":"1a1c01bbd47fc00a2c39e90264f33305004495a9","hash":"a6c6906e40851a6818e68e617906edd0b4b2559b"}
,"/Users/tristanokeefe/BP folder/bp-pulse-coding-exercise/ChargingWidget/components/ChargePointWidget/ChargePointWidget.style.tsx": {"path":"/Users/tristanokeefe/BP folder/bp-pulse-coding-exercise/ChargingWidget/components/ChargePointWidget/ChargePointWidget.style.tsx","statementMap":{"0":{"start":{"line":3,"column":22},"end":{"line":24,"column":2}}},"fnMap":{},"branchMap":{},"s":{"0":2},"f":{},"b":{},"_coverageSchema":"1a1c01bbd47fc00a2c39e90264f33305004495a9","hash":"293183bb86ffd629b3b7e34dc45cce06ffe93c2d"}
,"/Users/tristanokeefe/BP folder/bp-pulse-coding-exercise/ChargingWidget/components/ChargePointWidget/ChargePointWidget.tsx": {"path":"/Users/tristanokeefe/BP folder/bp-pulse-coding-exercise/ChargingWidget/components/ChargePointWidget/ChargePointWidget.tsx","statementMap":{"0":{"start":{"line":8,"column":26},"end":{"line":54,"column":1}},"1":{"start":{"line":9,"column":30},"end":{"line":9,"column":45}},"2":{"start":{"line":10,"column":28},"end":{"line":10,"column":42}},"3":{"start":{"line":14,"column":24},"end":{"line":17,"column":3}},"4":{"start":{"line":15,"column":4},"end":{"line":15,"column":23}},"5":{"start":{"line":16,"column":4},"end":{"line":16,"column":21}},"6":{"start":{"line":19,"column":2},"end":{"line":47,"column":3}},"7":{"start":{"line":20,"column":4},"end":{"line":46,"column":6}},"8":{"start":{"line":25,"column":36},"end":{"line":25,"column":66}},"9":{"start":{"line":40,"column":12},"end":{"line":40,"column":28}},"10":{"start":{"line":49,"column":2},"end":{"line":53,"column":4}}},"fnMap":{"0":{"name":"(anonymous_0)","decl":{"start":{"line":8,"column":26},"end":{"line":8,"column":27}},"loc":{"start":{"line":8,"column":36},"end":{"line":54,"column":1}},"line":8},"1":{"name":"(anonymous_1)","decl":{"start":{"line":14,"column":24},"end":{"line":14,"column":25}},"loc":{"start":{"line":14,"column":30},"end":{"line":17,"column":3}},"line":14},"2":{"name":"(anonymous_2)","decl":{"start":{"line":25,"column":22},"end":{"line":25,"column":23}},"loc":{"start":{"line":25,"column":36},"end":{"line":25,"column":66}},"line":25},"3":{"name":"(anonymous_3)","decl":{"start":{"line":39,"column":19},"end":{"line":39,"column":20}},"loc":{"start":{"line":39,"column":25},"end":{"line":41,"column":11}},"line":39}},"branchMap":{"0":{"loc":{"start":{"line":19,"column":2},"end":{"line":47,"column":3}},"type":"if","locations":[{"start":{"line":19,"column":2},"end":{"line":47,"column":3}},{"start":{},"end":{}}],"line":19},"1":{"loc":{"start":{"line":24,"column":40},"end":{"line":24,"column":54}},"type":"cond-expr","locations":[{"start":{"line":24,"column":48},"end":{"line":24,"column":49}},{"start":{"line":24,"column":52},"end":{"line":24,"column":54}}],"line":24},"2":{"loc":{"start":{"line":43,"column":11},"end":{"line":43,"column":44}},"type":"cond-expr","locations":[{"start":{"line":43,"column":20},"end":{"line":43,"column":31}},{"start":{"line":43,"column":34},"end":{"line":43,"column":44}}],"line":43}},"s":{"0":2,"1":2,"2":1,"3":1,"4":0,"5":0,"6":1,"7":1,"8":0,"9":0,"10":0},"f":{"0":2,"1":0,"2":0,"3":0},"b":{"0":[1,0],"1":[1,0],"2":[0,1]},"_coverageSchema":"1a1c01bbd47fc00a2c39e90264f33305004495a9","hash":"62dac60e8b91d89f507589747a4300aced33a947"}
,"/Users/tristanokeefe/BP folder/bp-pulse-coding-exercise/ChargingWidget/dataModel/queries.ts": {"path":"/Users/tristanokeefe/BP folder/bp-pulse-coding-exercise/ChargingWidget/dataModel/queries.ts","statementMap":{"0":{"start":{"line":3,"column":37},"end":{"line":14,"column":1}}},"fnMap":{},"branchMap":{},"s":{"0":1},"f":{},"b":{},"_coverageSchema":"1a1c01bbd47fc00a2c39e90264f33305004495a9","hash":"566308757bdf0c3e1b9fa03160a1f96e59217a40"}
,"/Users/tristanokeefe/BP folder/bp-pulse-coding-exercise/ChargingWidget/helpers/widgetHelper.tsx": {"path":"/Users/tristanokeefe/BP folder/bp-pulse-coding-exercise/ChargingWidget/helpers/widgetHelper.tsx","statementMap":{"0":{"start":{"line":6,"column":24},"end":{"line":14,"column":1}},"1":{"start":{"line":7,"column":24},"end":{"line":7,"column":33}},"2":{"start":{"line":8,"column":2},"end":{"line":10,"column":4}},"3":{"start":{"line":9,"column":4},"end":{"line":9,"column":34}},"4":{"start":{"line":11,"column":2},"end":{"line":13,"column":4}},"5":{"start":{"line":12,"column":4},"end":{"line":12,"column":52}},"6":{"start":{"line":21,"column":28},"end":{"line":27,"column":1}},"7":{"start":{"line":22,"column":2},"end":{"line":26,"column":3}},"8":{"start":{"line":23,"column":4},"end":{"line":23,"column":34}},"9":{"start":{"line":25,"column":4},"end":{"line":25,"column":26}},"10":{"start":{"line":36,"column":36},"end":{"line":38,"column":1}},"11":{"start":{"line":37,"column":2},"end":{"line":37,"column":33}}},"fnMap":{"0":{"name":"(anonymous_0)","decl":{"start":{"line":6,"column":24},"end":{"line":6,"column":25}},"loc":{"start":{"line":6,"column":38},"end":{"line":14,"column":1}},"line":6},"1":{"name":"(anonymous_1)","decl":{"start":{"line":8,"column":40},"end":{"line":8,"column":41}},"loc":{"start":{"line":9,"column":4},"end":{"line":9,"column":34}},"line":9},"2":{"name":"(anonymous_2)","decl":{"start":{"line":11,"column":28},"end":{"line":11,"column":29}},"loc":{"start":{"line":12,"column":4},"end":{"line":12,"column":52}},"line":12},"3":{"name":"(anonymous_3)","decl":{"start":{"line":21,"column":28},"end":{"line":21,"column":29}},"loc":{"start":{"line":21,"column":42},"end":{"line":27,"column":1}},"line":21},"4":{"name":"(anonymous_4)","decl":{"start":{"line":36,"column":36},"end":{"line":36,"column":37}},"loc":{"start":{"line":36,"column":58},"end":{"line":38,"column":1}},"line":36}},"branchMap":{"0":{"loc":{"start":{"line":12,"column":4},"end":{"line":12,"column":52}},"type":"cond-expr","locations":[{"start":{"line":12,"column":46},"end":{"line":12,"column":48}},{"start":{"line":12,"column":51},"end":{"line":12,"column":52}}],"line":12},"1":{"loc":{"start":{"line":22,"column":2},"end":{"line":26,"column":3}},"type":"if","locations":[{"start":{"line":22,"column":2},"end":{"line":26,"column":3}},{"start":{"line":24,"column":9},"end":{"line":26,"column":3}}],"line":22}},"s":{"0":4,"1":3,"2":3,"3":10,"4":3,"5":14,"6":4,"7":3,"8":1,"9":2,"10":4,"11":2},"f":{"0":3,"1":10,"2":14,"3":3,"4":2},"b":{"0":[8,6],"1":[1,2]},"_coverageSchema":"1a1c01bbd47fc00a2c39e90264f33305004495a9","hash":"a4670f0580fa8d2f994b4f61102c0b57a4bc83ce"}
,"/Users/tristanokeefe/BP folder/bp-pulse-coding-exercise/ChargingWidget/screens/MainScreen/MainScreen.style.tsx": {"path":"/Users/tristanokeefe/BP folder/bp-pulse-coding-exercise/ChargingWidget/screens/MainScreen/MainScreen.style.tsx","statementMap":{"0":{"start":{"line":3,"column":22},"end":{"line":36,"column":2}}},"fnMap":{},"branchMap":{},"s":{"0":1},"f":{},"b":{},"_coverageSchema":"1a1c01bbd47fc00a2c39e90264f33305004495a9","hash":"21a952697c4a49e142d8b11c0e673c71c7f80e1f"}
,"/Users/tristanokeefe/BP folder/bp-pulse-coding-exercise/ChargingWidget/screens/MainScreen/MainScreen.tsx": {"path":"/Users/tristanokeefe/BP folder/bp-pulse-coding-exercise/ChargingWidget/screens/MainScreen/MainScreen.tsx","statementMap":{"0":{"start":{"line":8,"column":19},"end":{"line":33,"column":1}},"1":{"start":{"line":9,"column":28},"end":{"line":9,"column":59}},"2":{"start":{"line":11,"column":2},"end":{"line":13,"column":3}},"3":{"start":{"line":12,"column":4},"end":{"line":12,"column":32}},"4":{"start":{"line":15,"column":2},"end":{"line":32,"column":3}},"5":{"start":{"line":16,"column":4},"end":{"line":31,"column":6}}},"fnMap":{"0":{"name":"(anonymous_0)","decl":{"start":{"line":8,"column":19},"end":{"line":8,"column":20}},"loc":{"start":{"line":8,"column":25},"end":{"line":33,"column":1}},"line":8}},"branchMap":{"0":{"loc":{"start":{"line":11,"column":2},"end":{"line":13,"column":3}},"type":"if","locations":[{"start":{"line":11,"column":2},"end":{"line":13,"column":3}},{"start":{},"end":{}}],"line":11},"1":{"loc":{"start":{"line":15,"column":2},"end":{"line":32,"column":3}},"type":"if","locations":[{"start":{"line":15,"column":2},"end":{"line":32,"column":3}},{"start":{},"end":{}}],"line":15}},"s":{"0":1,"1":0,"2":0,"3":0,"4":0,"5":0},"f":{"0":0},"b":{"0":[0,0],"1":[0,0]},"_coverageSchema":"1a1c01bbd47fc00a2c39e90264f33305004495a9","hash":"3c052a470e54e47da33de4cf8243306949ba6c57"}
}
