TN:
SF:components/ChargePointRow/ChargePointRow.style.tsx
FNF:0
FNH:0
DA:3,3
LF:1
LH:1
BRF:0
BRH:0
end_of_record
TN:
SF:components/ChargePointRow/ChargePointRow.tsx
FN:8,(anonymous_0)
FNF:1
FNH:1
FNDA:1,(anonymous_0)
DA:8,3
DA:9,1
LF:2
LH:2
BRDA:26,0,0,0
BRDA:26,0,1,1
BRF:2
BRH:1
end_of_record
TN:
SF:components/ChargePointWidget/ChargePointWidget.style.tsx
FNF:0
FNH:0
DA:3,2
LF:1
LH:1
BRF:0
BRH:0
end_of_record
TN:
SF:components/ChargePointWidget/ChargePointWidget.tsx
FN:8,(anonymous_0)
FN:14,(anonymous_1)
FN:25,(anonymous_2)
FN:39,(anonymous_3)
FNF:4
FNH:1
FNDA:2,(anonymous_0)
FNDA:0,(anonymous_1)
FNDA:0,(anonymous_2)
FNDA:0,(anonymous_3)
DA:8,2
DA:9,2
DA:10,1
DA:14,1
DA:15,0
DA:16,0
DA:19,1
DA:20,1
DA:25,0
DA:40,0
DA:49,0
LF:11
LH:6
BRDA:19,0,0,1
BRDA:19,0,1,0
BRDA:24,1,0,1
BRDA:24,1,1,0
BRDA:43,2,0,0
BRDA:43,2,1,1
BRF:6
BRH:3
end_of_record
TN:
SF:dataModel/queries.ts
FNF:0
FNH:0
DA:3,1
LF:1
LH:1
BRF:0
BRH:0
end_of_record
TN:
SF:helpers/widgetHelper.tsx
FN:1,(anonymous_0)
FN:3,(anonymous_1)
FN:6,(anonymous_2)
FN:11,(anonymous_3)
FN:19,(anonymous_4)
FNF:5
FNH:5
FNDA:3,(anonymous_0)
FNDA:10,(anonymous_1)
FNDA:14,(anonymous_2)
FNDA:3,(anonymous_3)
FNDA:2,(anonymous_4)
DA:1,4
DA:2,3
DA:3,3
DA:4,10
DA:6,3
DA:7,14
DA:11,4
DA:12,3
DA:13,1
DA:15,2
DA:19,4
DA:20,2
LF:12
LH:12
BRDA:7,0,0,8
BRDA:7,0,1,6
BRDA:12,1,0,1
BRDA:12,1,1,2
BRF:4
BRH:4
end_of_record
TN:
SF:screens/MainScreen/MainScreen.style.tsx
FNF:0
FNH:0
DA:3,1
LF:1
LH:1
BRF:0
BRH:0
end_of_record
TN:
SF:screens/MainScreen/MainScreen.tsx
FN:9,(anonymous_0)
FNF:1
FNH:0
FNDA:0,(anonymous_0)
DA:9,1
DA:10,0
DA:11,0
DA:12,0
LF:4
LH:1
BRDA:11,0,0,0
BRDA:11,0,1,0
BRF:2
BRH:0
end_of_record
