TN:
SF:components/ChargePointRow/ChargePointRow.style.tsx
FNF:0
FNH:0
DA:3,3
LF:1
LH:1
BRF:0
BRH:0
end_of_record
TN:
SF:components/ChargePointRow/ChargePointRow.tsx
FN:9,(anonymous_0)
FNF:1
FNH:1
FNDA:1,(anonymous_0)
DA:9,3
DA:10,1
LF:2
LH:2
BRDA:27,0,0,0
BRDA:27,0,1,1
BRF:2
BRH:1
end_of_record
TN:
SF:components/ChargePointWidget/ChargePointWidget.style.tsx
FNF:0
FNH:0
DA:3,2
LF:1
LH:1
BRF:0
BRH:0
end_of_record
TN:
SF:components/ChargePointWidget/ChargePointWidget.tsx
FN:8,(anonymous_0)
FN:14,(anonymous_1)
FN:25,(anonymous_2)
FN:39,(anonymous_3)
FNF:4
FNH:1
FNDA:2,(anonymous_0)
FNDA:0,(anonymous_1)
FNDA:0,(anonymous_2)
FNDA:0,(anonymous_3)
DA:8,2
DA:9,2
DA:10,1
DA:14,1
DA:15,0
DA:16,0
DA:19,1
DA:20,1
DA:25,0
DA:40,0
DA:49,0
LF:11
LH:6
BRDA:19,0,0,1
BRDA:19,0,1,0
BRDA:24,1,0,1
BRDA:24,1,1,0
BRDA:43,2,0,0
BRDA:43,2,1,1
BRF:6
BRH:3
end_of_record
TN:
SF:dataModel/queries.ts
FNF:0
FNH:0
DA:3,1
LF:1
LH:1
BRF:0
BRH:0
end_of_record
TN:
SF:helpers/widgetHelper.tsx
FN:6,(anonymous_0)
FN:8,(anonymous_1)
FN:11,(anonymous_2)
FN:21,(anonymous_3)
FN:36,(anonymous_4)
FNF:5
FNH:5
FNDA:3,(anonymous_0)
FNDA:10,(anonymous_1)
FNDA:14,(anonymous_2)
FNDA:3,(anonymous_3)
FNDA:2,(anonymous_4)
DA:6,4
DA:7,3
DA:8,3
DA:9,10
DA:11,3
DA:12,14
DA:21,4
DA:22,3
DA:23,1
DA:25,2
DA:36,4
DA:37,2
LF:12
LH:12
BRDA:12,0,0,8
BRDA:12,0,1,6
BRDA:22,1,0,1
BRDA:22,1,1,2
BRF:4
BRH:4
end_of_record
TN:
SF:screens/MainScreen/MainScreen.style.tsx
FNF:0
FNH:0
DA:3,1
LF:1
LH:1
BRF:0
BRH:0
end_of_record
TN:
SF:screens/MainScreen/MainScreen.tsx
FN:8,(anonymous_0)
FNF:1
FNH:0
FNDA:0,(anonymous_0)
DA:8,1
DA:9,0
DA:11,0
DA:12,0
DA:15,0
DA:16,0
LF:6
LH:1
BRDA:11,0,0,0
BRDA:11,0,1,0
BRDA:15,1,0,0
BRDA:15,1,1,0
BRF:4
BRH:0
end_of_record
